<?xml version="1.0" encoding="UTF-8"?>
<!-- Generated by org.testng.reporters.JUnitXMLReporter -->
<testsuite hostname="LAPTOP-0LI758I1" name="Nopackage" tests="3" failures="0" timestamp="8 Nov 2020 11:13:20 GMT" time="37.972" errors="0">
  <testcase name="tc001" time="10.19" classname="com.hrms.testscripts.TC001"/>
  <testcase name="tc002" time="27.766" classname="com.hrms.testscripts.TC002"/>
  <testcase name="samaple" time="0.0" classname="com.hrms.testscripts.Tc003"/>
</testsuite> <!-- Nopackage -->
